 In identifier_list :ID 
 In identifier_list ',' ID 
No Declaration


 In identifier_list :ID 
 In identifier_list ',' ID 
  standard_type :  integer
type : standard_type
This is the declaration

 In identifier_list :ID 
  standard_type is REAL
type : standard_type
This is the declaration

 In identifier_list :ID 
       standard_type :  integer
type : ARRAY [ num .. num ] of standard_type
This is the declaration


subprogram declarations :  empty

    factor -> num value is 3.000000
numVal is true
term	:	factor
simple_expression : term
expression	:	simple_expression
statement	:	variable ASSIGNOP expression
The code is mov eax,21239208
mov dword[x],eax
statement_list	:	statement

    factor -> num value is 10.000000
numVal is true
term	:	factor
simple_expression : term
expression	:	simple_expression
statement	:	variable ASSIGNOP expression
The code is mov eax,21280616
mov dword[y],eax
statement_list	: : statement_list ';' statement

    factor -> ID 
term	:	factor
simple_expression : term
  factor -> ID 
term	:	factor
simple_expression : term
expression -> simple_expression RELOP simple_expression

  
    factor -> ID 
term	:	factor
simple_expression : term
expression	:	simple_expression
variable -> id [ expression ]
  factor -> ID 
term	:	factor
simple_expression : term
expression	:	simple_expression
statement	:	variable ASSIGNOP expression
statement_list	:	statement
	
       factor -> ID 
term	:	factor
simple_expression : term
 factor -> num value is 1.000000
numVal is true
term	:	factor

  simple_expression : simple_expression addop term
temp->code is mov eax,dword[x]
add eax,21249560
mov dword[temp1],eax

expression	:	simple_expression
statement	:	variable ASSIGNOP expression
statement_list	: : statement_list ';' statement
optional_statements	:	statement_list

compound_statement  : BEGIN1
	optional_statements
	END
statement -> compound_statement
statement : WHILE expression DO statement
statement_list	: : statement_list ';' statement

optional_statements	:	statement_list

compound_statement  : BEGIN1
	optional_statements
	END
In Program --> Start of Production Rule
\\\\\\\\\\Assembly Code\\\\\\
